build/outputs/logs/manifest-merger-debug-report.txt
-- Merging decision tree log ---
manifest
ADDED from src\main\AndroidManifest.xml:2:1-27:12
INJECTED from src\main\AndroidManifest.xml:2:1-27:12
INJECTED from src\main\AndroidManifest.xml:2:1-27:12
INJECTED from src\main\AndroidManifest.xml:2:1-27:12
INJECTED from src\main\AndroidManifest.xml:2:1-27:12
INJECTED from src\main\AndroidManifest.xml:2:1-27:12
INJECTED from src\main\AndroidManifest.xml:2:1-27:12
	package
		ADDED from src\main\AndroidManifest.xml:2:70-106
		INJECTED from src\main\AndroidManifest.xml
		INJECTED from src\main\AndroidManifest.xml
	android:versionName
		INJECTED from src\main\AndroidManifest.xml
		ADDED from src\main\AndroidManifest.xml:2:1-27:12
		INJECTED from src\main\AndroidManifest.xml
	xmlns:tools
		ADDED from src\main\AndroidManifest.xml:2:107-153
	android:versionCode
		INJECTED from src\main\AndroidManifest.xml
		ADDED from src\main\AndroidManifest.xml:2:1-27:12
		INJECTED from src\main\AndroidManifest.xml
	xmlns:android
		ADDED from src\main\AndroidManifest.xml:2:11-69
	android:installLocation
		ADDED from src\main\AndroidManifest.xml:2:154-194
supports-screens
ADDED from src\main\AndroidManifest.xml:3:3-163
	android:largeScreens
		ADDED from src\main\AndroidManifest.xml:3:78-105
	android:smallScreens
		ADDED from src\main\AndroidManifest.xml:3:21-48
	android:normalScreens
		ADDED from src\main\AndroidManifest.xml:3:49-77
	android:xlargeScreens
		ADDED from src\main\AndroidManifest.xml:3:106-134
	android:anyDensity
		ADDED from src\main\AndroidManifest.xml:3:135-160
application
ADDED from src\main\AndroidManifest.xml:4:3-15:17
	android:label
		ADDED from src\main\AndroidManifest.xml:4:16-48
	android:theme
		ADDED from src\main\AndroidManifest.xml:4:49-87
activity#com.aut.presentationskills.UnityPlayerActivity
ADDED from src\main\AndroidManifest.xml:5:5-10:16
	android:screenOrientation
		ADDED from src\main\AndroidManifest.xml:5:48-85
	android:label
		ADDED from src\main\AndroidManifest.xml:5:15-47
	android:enableVrMode
		ADDED from src\main\AndroidManifest.xml:5:336-388
	android:launchMode
		ADDED from src\main\AndroidManifest.xml:5:86-117
	android:hardwareAccelerated
		ADDED from src\main\AndroidManifest.xml:5:300-335
	android:resizeableActivity
		ADDED from src\main\AndroidManifest.xml:5:389-423
	android:configChanges
		ADDED from src\main\AndroidManifest.xml:5:118-299
	android:name
		ADDED from src\main\AndroidManifest.xml:5:424-485
intent-filter#category:name:com.google.intent.category.DAYDREAM
ADDED from src\main\AndroidManifest.xml:6:7-8:23
category#com.google.intent.category.DAYDREAM
ADDED from src\main\AndroidManifest.xml:7:9-72
	android:name
		ADDED from src\main\AndroidManifest.xml:7:19-69
meta-data#unityplayer.UnityActivity
ADDED from src\main\AndroidManifest.xml:9:7-82
	android:value
		ADDED from src\main\AndroidManifest.xml:9:59-79
	android:name
		ADDED from src\main\AndroidManifest.xml:9:18-58
meta-data#unityplayer.SkipPermissionsDialog
ADDED from src\main\AndroidManifest.xml:11:5-88
	android:value
		ADDED from src\main\AndroidManifest.xml:11:65-85
	android:name
		ADDED from src\main\AndroidManifest.xml:11:16-64
meta-data#unity.build-id
ADDED from src\main\AndroidManifest.xml:12:5-101
	android:value
		ADDED from src\main\AndroidManifest.xml:12:46-98
	android:name
		ADDED from src\main\AndroidManifest.xml:12:16-45
meta-data#unity.splash-mode
ADDED from src\main\AndroidManifest.xml:13:5-69
	android:value
		ADDED from src\main\AndroidManifest.xml:13:49-66
	android:name
		ADDED from src\main\AndroidManifest.xml:13:16-48
meta-data#unity.splash-enable
ADDED from src\main\AndroidManifest.xml:14:5-75
	android:value
		ADDED from src\main\AndroidManifest.xml:14:51-72
	android:name
		ADDED from src\main\AndroidManifest.xml:14:16-50
uses-feature#0x00020000
ADDED from src\main\AndroidManifest.xml:16:3-52
	android:glEsVersion
		ADDED from src\main\AndroidManifest.xml:16:17-49
uses-feature#android.hardware.vr.headtracking
ADDED from src\main\AndroidManifest.xml:17:3-112
	android:version
		ADDED from src\main\AndroidManifest.xml:17:90-109
	android:required
		ADDED from src\main\AndroidManifest.xml:17:65-89
	android:name
		ADDED from src\main\AndroidManifest.xml:17:17-64
uses-feature#android.software.vr.mode
ADDED from src\main\AndroidManifest.xml:18:3-59
	android:name
		ADDED from src\main\AndroidManifest.xml:18:17-56
uses-feature#android.hardware.vr.high_performance
ADDED from src\main\AndroidManifest.xml:19:3-71
	android:name
		ADDED from src\main\AndroidManifest.xml:19:17-68
uses-permission#android.permission.INTERNET
ADDED from src\main\AndroidManifest.xml:20:3-65
	android:name
		ADDED from src\main\AndroidManifest.xml:20:20-62
uses-permission#android.permission.ACCESS_NETWORK_STATE
ADDED from src\main\AndroidManifest.xml:21:3-77
	android:name
		ADDED from src\main\AndroidManifest.xml:21:20-74
uses-permission#android.permission.WRITE_EXTERNAL_STORAGE
ADDED from src\main\AndroidManifest.xml:22:3-79
	android:name
		ADDED from src\main\AndroidManifest.xml:22:20-76
uses-permission#android.permission.READ_EXTERNAL_STORAGE
ADDED from src\main\AndroidManifest.xml:23:3-78
	android:name
		ADDED from src\main\AndroidManifest.xml:23:20-75
uses-feature#android.hardware.touchscreen
ADDED from src\main\AndroidManifest.xml:24:3-88
	android:required
		ADDED from src\main\AndroidManifest.xml:24:61-85
	android:name
		ADDED from src\main\AndroidManifest.xml:24:17-60
uses-feature#android.hardware.touchscreen.multitouch
ADDED from src\main\AndroidManifest.xml:25:3-99
	android:required
		ADDED from src\main\AndroidManifest.xml:25:72-96
	android:name
		ADDED from src\main\AndroidManifest.xml:25:17-71
uses-feature#android.hardware.touchscreen.multitouch.distinct
ADDED from src\main\AndroidManifest.xml:26:3-108
	android:required
		ADDED from src\main\AndroidManifest.xml:26:81-105
	android:name
		ADDED from src\main\AndroidManifest.xml:26:17-80
uses-sdk
INJECTED from src\main\AndroidManifest.xml reason: use-sdk injection requested
INJECTED from src\main\AndroidManifest.xml
INJECTED from src\main\AndroidManifest.xml
INJECTED from src\main\AndroidManifest.xml
INJECTED from src\main\AndroidManifest.xml
	android:targetSdkVersion
		INJECTED from src\main\AndroidManifest.xml
		ADDED from src\main\AndroidManifest.xml
		INJECTED from src\main\AndroidManifest.xml
	android:minSdkVersion
		INJECTED from src\main\AndroidManifest.xml
		ADDED from src\main\AndroidManifest.xml
		INJECTED from src\main\AndroidManifest.xml